/home/esdentem/projects/libopencm3/libopencm3-git/include/libopencm3/usb/midi.h:1: warning: group usb_audio_defines: ignoring title "USB MIDI Type Definitions" that does not match old title "USB Audio Type Definitions"

/home/esdentem/projects/libopencm3/libopencm3-git/lib/stm32/f3/adc.c:276: warning: unable to resolve reference to 'adc_watchdog_channel' for \ref command
/home/esdentem/projects/libopencm3/libopencm3-git/lib/stm32/f3/adc.c:158: warning: unable to resolve reference to 'adc_cr1_discnum' for \ref command
/home/esdentem/projects/libopencm3/libopencm3-git/lib/stm32/f3/adc.c:656: warning: unable to resolve reference to 'adc_trigger_injected' for \ref command
/home/esdentem/projects/libopencm3/libopencm3-git/lib/stm32/f3/adc.c:658: warning: unable to resolve reference to 'adc_trigger_polarity_injected' for \ref command
/home/esdentem/projects/libopencm3/libopencm3-git/lib/stm32/f3/adc.c:620: warning: unable to resolve reference to 'adc_trigger_regular' for \ref command
/home/esdentem/projects/libopencm3/libopencm3-git/lib/stm32/f3/adc.c:622: warning: unable to resolve reference to 'adc_trigger_polarity_regular' for \ref command
/home/esdentem/projects/libopencm3/libopencm3-git/lib/stm32/f3/adc.c:582: warning: unable to resolve reference to 'adc_ccr_adcpre' for \ref command
/home/esdentem/projects/libopencm3/libopencm3-git/lib/stm32/common/adc_common_v2.c:211: warning: unable to resolve reference to 'adc_api_res' for \ref command
/home/esdentem/projects/libopencm3/libopencm3-git/include/libopencm3/stm32/can.h:648: warning: The following parameters of can_init(uint32_t canport, bool ttcm, bool abom, bool awum, bool nart, bool rflm, bool txfp, uint32_t sjw, uint32_t ts1, uint32_t ts2, uint32_t brp, bool loopback, bool silent) are not documented:
  parameter 'loopback'
  parameter 'silent'
/home/esdentem/projects/libopencm3/libopencm3-git/lib/stm32/f3/adc.c:276: warning: unable to resolve reference to 'adc_watchdog_channel' for \ref command
/home/esdentem/projects/libopencm3/libopencm3-git/lib/stm32/f3/adc.c:158: warning: unable to resolve reference to 'adc_cr1_discnum' for \ref command
/home/esdentem/projects/libopencm3/libopencm3-git/lib/stm32/f3/adc.c:656: warning: unable to resolve reference to 'adc_trigger_injected' for \ref command
/home/esdentem/projects/libopencm3/libopencm3-git/lib/stm32/f3/adc.c:658: warning: unable to resolve reference to 'adc_trigger_polarity_injected' for \ref command
/home/esdentem/projects/libopencm3/libopencm3-git/lib/stm32/f3/adc.c:620: warning: unable to resolve reference to 'adc_trigger_regular' for \ref command
/home/esdentem/projects/libopencm3/libopencm3-git/lib/stm32/f3/adc.c:622: warning: unable to resolve reference to 'adc_trigger_polarity_regular' for \ref command
/home/esdentem/projects/libopencm3/libopencm3-git/lib/stm32/f3/adc.c:582: warning: unable to resolve reference to 'adc_ccr_adcpre' for \ref command
/home/esdentem/projects/libopencm3/libopencm3-git/lib/stm32/common/adc_common_v2.c:211: warning: unable to resolve reference to 'adc_api_res' for \ref command
