/home/esdentem/projects/libopencm3/libopencm3-git/include/libopencm3/stm32/h7/pwr.h:236: warning: End of list marker found without any preceding list items
/home/esdentem/projects/libopencm3/libopencm3-git/include/libopencm3/stm32/h7/pwr.h:216: warning: End of list marker found without any preceding list items
/home/esdentem/projects/libopencm3/libopencm3-git/lib/stm32/common/rcc_common_all.c:245: warning: unable to resolve reference to 'rcc_osc_off' for \ref command
/home/esdentem/projects/libopencm3/libopencm3-git/lib/stm32/common/rcc_common_all.c:249: warning: unable to resolve reference to 'pwr_disable_backup_domain_write_protect' for \ref command
/home/esdentem/projects/libopencm3/libopencm3-git/lib/stm32/common/rcc_common_all.c:250: warning: unable to resolve reference to 'rcc_backupdomain_reset' for \ref command
/home/esdentem/projects/libopencm3/libopencm3-git/lib/stm32/common/rcc_common_all.c:215: warning: unable to resolve reference to 'rcc_osc_on' for \ref command
/home/esdentem/projects/libopencm3/libopencm3-git/lib/stm32/common/rcc_common_all.c:216: warning: unable to resolve reference to 'rcc_osc_off' for \ref command
/home/esdentem/projects/libopencm3/libopencm3-git/lib/stm32/common/rcc_common_all.c:220: warning: unable to resolve reference to 'pwr_disable_backup_domain_write_protect' for \ref command
/home/esdentem/projects/libopencm3/libopencm3-git/lib/stm32/common/rcc_common_all.c:111: warning: unable to resolve reference to 'rcc_ahbrstr_rst' for \ref command
/home/esdentem/projects/libopencm3/libopencm3-git/lib/stm32/common/rcc_common_all.c:112: warning: unable to resolve reference to 'rcc_apb1rstr_rst' for \ref command
/home/esdentem/projects/libopencm3/libopencm3-git/lib/stm32/common/rcc_common_all.c:113: warning: unable to resolve reference to 'rcc_apb2rstr_rst' for \ref command
/home/esdentem/projects/libopencm3/libopencm3-git/lib/stm32/common/rcc_common_all.c:64: warning: unable to resolve reference to 'rcc_ahbenr_en' for \ref command
/home/esdentem/projects/libopencm3/libopencm3-git/lib/stm32/common/rcc_common_all.c:65: warning: unable to resolve reference to 'rcc_apb1enr_en' for \ref command
/home/esdentem/projects/libopencm3/libopencm3-git/lib/stm32/common/rcc_common_all.c:66: warning: unable to resolve reference to 'rcc_apb2enr_en' for \ref command
/home/esdentem/projects/libopencm3/libopencm3-git/lib/stm32/common/rcc_common_all.c:40: warning: unable to resolve reference to 'rcc_ahbenr_en' for \ref command
/home/esdentem/projects/libopencm3/libopencm3-git/lib/stm32/common/rcc_common_all.c:41: warning: unable to resolve reference to 'rcc_apb1enr_en' for \ref command
/home/esdentem/projects/libopencm3/libopencm3-git/lib/stm32/common/rcc_common_all.c:42: warning: unable to resolve reference to 'rcc_apb2enr_en' for \ref command
/home/esdentem/projects/libopencm3/libopencm3-git/lib/stm32/common/rcc_common_all.c:87: warning: unable to resolve reference to 'rcc_ahbrstr_rst' for \ref command
/home/esdentem/projects/libopencm3/libopencm3-git/lib/stm32/common/rcc_common_all.c:88: warning: unable to resolve reference to 'rcc_apb1rstr_rst' for \ref command
/home/esdentem/projects/libopencm3/libopencm3-git/lib/stm32/common/rcc_common_all.c:89: warning: unable to resolve reference to 'rcc_apb2rstr_rst' for \ref command
/home/esdentem/projects/libopencm3/libopencm3-git/lib/stm32/common/rcc_common_all.c:245: warning: unable to resolve reference to 'rcc_osc_off' for \ref command
/home/esdentem/projects/libopencm3/libopencm3-git/lib/stm32/common/rcc_common_all.c:249: warning: unable to resolve reference to 'pwr_disable_backup_domain_write_protect' for \ref command
/home/esdentem/projects/libopencm3/libopencm3-git/lib/stm32/common/rcc_common_all.c:250: warning: unable to resolve reference to 'rcc_backupdomain_reset' for \ref command
/home/esdentem/projects/libopencm3/libopencm3-git/lib/stm32/common/rcc_common_all.c:215: warning: unable to resolve reference to 'rcc_osc_on' for \ref command
/home/esdentem/projects/libopencm3/libopencm3-git/lib/stm32/common/rcc_common_all.c:216: warning: unable to resolve reference to 'rcc_osc_off' for \ref command
/home/esdentem/projects/libopencm3/libopencm3-git/lib/stm32/common/rcc_common_all.c:220: warning: unable to resolve reference to 'pwr_disable_backup_domain_write_protect' for \ref command
/home/esdentem/projects/libopencm3/libopencm3-git/lib/stm32/common/rcc_common_all.c:111: warning: unable to resolve reference to 'rcc_ahbrstr_rst' for \ref command
/home/esdentem/projects/libopencm3/libopencm3-git/lib/stm32/common/rcc_common_all.c:112: warning: unable to resolve reference to 'rcc_apb1rstr_rst' for \ref command
/home/esdentem/projects/libopencm3/libopencm3-git/lib/stm32/common/rcc_common_all.c:113: warning: unable to resolve reference to 'rcc_apb2rstr_rst' for \ref command
/home/esdentem/projects/libopencm3/libopencm3-git/lib/stm32/common/rcc_common_all.c:64: warning: unable to resolve reference to 'rcc_ahbenr_en' for \ref command
/home/esdentem/projects/libopencm3/libopencm3-git/lib/stm32/common/rcc_common_all.c:65: warning: unable to resolve reference to 'rcc_apb1enr_en' for \ref command
/home/esdentem/projects/libopencm3/libopencm3-git/lib/stm32/common/rcc_common_all.c:66: warning: unable to resolve reference to 'rcc_apb2enr_en' for \ref command
/home/esdentem/projects/libopencm3/libopencm3-git/lib/stm32/common/rcc_common_all.c:40: warning: unable to resolve reference to 'rcc_ahbenr_en' for \ref command
/home/esdentem/projects/libopencm3/libopencm3-git/lib/stm32/common/rcc_common_all.c:41: warning: unable to resolve reference to 'rcc_apb1enr_en' for \ref command
/home/esdentem/projects/libopencm3/libopencm3-git/lib/stm32/common/rcc_common_all.c:42: warning: unable to resolve reference to 'rcc_apb2enr_en' for \ref command
/home/esdentem/projects/libopencm3/libopencm3-git/lib/stm32/common/rcc_common_all.c:87: warning: unable to resolve reference to 'rcc_ahbrstr_rst' for \ref command
/home/esdentem/projects/libopencm3/libopencm3-git/lib/stm32/common/rcc_common_all.c:88: warning: unable to resolve reference to 'rcc_apb1rstr_rst' for \ref command
/home/esdentem/projects/libopencm3/libopencm3-git/lib/stm32/common/rcc_common_all.c:89: warning: unable to resolve reference to 'rcc_apb2rstr_rst' for \ref command
